  Engine3D.cpp
C:\Users\ARDPC\Desktop\Szkoła\Studia\3 Semestr\Grafika Komputerowa\PGK1_13B_ZALEŚNY_ŻMIJEWSKA_ŻAK_PARKITA_PROJ\Silnik3D\Figures.h(19,179): warning C4244: "inicjowanie": konwersja z "int" do "GLfloat", możliwa utrata danych
C:\Users\ARDPC\Desktop\Szkoła\Studia\3 Semestr\Grafika Komputerowa\PGK1_13B_ZALEŚNY_ŻMIJEWSKA_ŻAK_PARKITA_PROJ\Silnik3D\Engine3D.cpp(36,1): warning C4305: "inicjowanie": obcięcie z "double" do "float"
C:\Users\ARDPC\Desktop\Szkoła\Studia\3 Semestr\Grafika Komputerowa\PGK1_13B_ZALEŚNY_ŻMIJEWSKA_ŻAK_PARKITA_PROJ\Silnik3D\Engine3D.cpp(108,18): warning C4244: "inicjowanie": konwersja z "double" do "GLfloat", możliwa utrata danych
C:\Users\ARDPC\Desktop\Szkoła\Studia\3 Semestr\Grafika Komputerowa\PGK1_13B_ZALEŚNY_ŻMIJEWSKA_ŻAK_PARKITA_PROJ\Silnik3D\Engine3D.cpp(109,18): warning C4244: "inicjowanie": konwersja z "double" do "GLfloat", możliwa utrata danych
C:\Users\ARDPC\Desktop\Szkoła\Studia\3 Semestr\Grafika Komputerowa\PGK1_13B_ZALEŚNY_ŻMIJEWSKA_ŻAK_PARKITA_PROJ\Silnik3D\Engine3D.cpp(110,18): warning C4244: "inicjowanie": konwersja z "double" do "GLfloat", możliwa utrata danych
C:\Users\ARDPC\Desktop\Szkoła\Studia\3 Semestr\Grafika Komputerowa\PGK1_13B_ZALEŚNY_ŻMIJEWSKA_ŻAK_PARKITA_PROJ\Silnik3D\Engine3D.cpp(191,51): warning C4244: "argument": konwersja z "int" do "GLfloat", możliwa utrata danych
C:\Users\ARDPC\Desktop\Szkoła\Studia\3 Semestr\Grafika Komputerowa\PGK1_13B_ZALEŚNY_ŻMIJEWSKA_ŻAK_PARKITA_PROJ\Silnik3D\Engine3D.cpp(197,80): warning C4244: "argument": konwersja z "int" do "GLfloat", możliwa utrata danych
C:\Users\ARDPC\Desktop\Szkoła\Studia\3 Semestr\Grafika Komputerowa\PGK1_13B_ZALEŚNY_ŻMIJEWSKA_ŻAK_PARKITA_PROJ\Silnik3D\Engine3D.cpp(197,46): warning C4244: "argument": konwersja z "int" do "GLfloat", możliwa utrata danych
C:\Users\ARDPC\Desktop\Szkoła\Studia\3 Semestr\Grafika Komputerowa\PGK1_13B_ZALEŚNY_ŻMIJEWSKA_ŻAK_PARKITA_PROJ\Silnik3D\Engine3D.cpp(204,51): warning C4244: "argument": konwersja z "int" do "GLfloat", możliwa utrata danych
C:\Users\ARDPC\Desktop\Szkoła\Studia\3 Semestr\Grafika Komputerowa\PGK1_13B_ZALEŚNY_ŻMIJEWSKA_ŻAK_PARKITA_PROJ\Silnik3D\Engine3D.cpp(247,42): warning C4244: "-=": konwersja z "double" do "GLfloat", możliwa utrata danych
C:\Users\ARDPC\Desktop\Szkoła\Studia\3 Semestr\Grafika Komputerowa\PGK1_13B_ZALEŚNY_ŻMIJEWSKA_ŻAK_PARKITA_PROJ\Silnik3D\Engine3D.cpp(248,42): warning C4244: "-=": konwersja z "double" do "GLfloat", możliwa utrata danych
C:\Users\ARDPC\Desktop\Szkoła\Studia\3 Semestr\Grafika Komputerowa\PGK1_13B_ZALEŚNY_ŻMIJEWSKA_ŻAK_PARKITA_PROJ\Silnik3D\Engine3D.cpp(342,40): warning C4244: "+=": konwersja z "double" do "GLfloat", możliwa utrata danych
C:\Users\ARDPC\Desktop\Szkoła\Studia\3 Semestr\Grafika Komputerowa\PGK1_13B_ZALEŚNY_ŻMIJEWSKA_ŻAK_PARKITA_PROJ\Silnik3D\Engine3D.cpp(343,40): warning C4244: "+=": konwersja z "double" do "GLfloat", możliwa utrata danych
C:\Users\ARDPC\Desktop\Szkoła\Studia\3 Semestr\Grafika Komputerowa\PGK1_13B_ZALEŚNY_ŻMIJEWSKA_ŻAK_PARKITA_PROJ\Silnik3D\Engine3D.cpp(346,40): warning C4244: "-=": konwersja z "double" do "GLfloat", możliwa utrata danych
C:\Users\ARDPC\Desktop\Szkoła\Studia\3 Semestr\Grafika Komputerowa\PGK1_13B_ZALEŚNY_ŻMIJEWSKA_ŻAK_PARKITA_PROJ\Silnik3D\Engine3D.cpp(347,40): warning C4244: "-=": konwersja z "double" do "GLfloat", możliwa utrata danych
C:\Users\ARDPC\Desktop\Szkoła\Studia\3 Semestr\Grafika Komputerowa\PGK1_13B_ZALEŚNY_ŻMIJEWSKA_ŻAK_PARKITA_PROJ\Silnik3D\Engine3D.cpp(350,40): warning C4244: "+=": konwersja z "double" do "GLfloat", możliwa utrata danych
C:\Users\ARDPC\Desktop\Szkoła\Studia\3 Semestr\Grafika Komputerowa\PGK1_13B_ZALEŚNY_ŻMIJEWSKA_ŻAK_PARKITA_PROJ\Silnik3D\Engine3D.cpp(351,40): warning C4244: "-=": konwersja z "double" do "GLfloat", możliwa utrata danych
C:\Users\ARDPC\Desktop\Szkoła\Studia\3 Semestr\Grafika Komputerowa\PGK1_13B_ZALEŚNY_ŻMIJEWSKA_ŻAK_PARKITA_PROJ\Silnik3D\Engine3D.cpp(354,40): warning C4244: "-=": konwersja z "double" do "GLfloat", możliwa utrata danych
C:\Users\ARDPC\Desktop\Szkoła\Studia\3 Semestr\Grafika Komputerowa\PGK1_13B_ZALEŚNY_ŻMIJEWSKA_ŻAK_PARKITA_PROJ\Silnik3D\Engine3D.cpp(355,40): warning C4244: "+=": konwersja z "double" do "GLfloat", możliwa utrata danych
C:\Users\ARDPC\Desktop\Szkoła\Studia\3 Semestr\Grafika Komputerowa\PGK1_13B_ZALEŚNY_ŻMIJEWSKA_ŻAK_PARKITA_PROJ\Silnik3D\Engine3D.cpp(358,31): warning C4305: "+=": obcięcie z "double" do "GLfloat"
C:\Users\ARDPC\Desktop\Szkoła\Studia\3 Semestr\Grafika Komputerowa\PGK1_13B_ZALEŚNY_ŻMIJEWSKA_ŻAK_PARKITA_PROJ\Silnik3D\Engine3D.cpp(361,31): warning C4305: "-=": obcięcie z "double" do "GLfloat"
  Silnik3D.vcxproj -> C:\Users\ARDPC\Desktop\Szkoła\Studia\3 Semestr\Grafika Komputerowa\PGK1_13B_ZALEŚNY_ŻMIJEWSKA_ŻAK_PARKITA_PROJ\Silnik3D\x64\Debug\Silnik3D.exe
